 [Wed Jun 19 08:23:21.655972 2024] [mpm_prefork:notice] [pid 1] AH00170: caught SIGWINCH, shutting down gracefully
[Wed Jun 19 08:23:23.068265 2024] [ssl:warn] [pid 1] AH01882: Init: this version of mod_ssl was compiled against a newer library (OpenSSL 3.0.13 30 Jan 2024 (OpenSSL 3.0.11 19 Sep 2023), version currently loaded is 0x300000B0) - may result in undefined or erroneous behavior
AH00558: apache2: Could not reliably determine the server's fully qualified domain name, using 172.19.0.5. Set the 'ServerName' directive globally to suppress this message
[Wed Jun 19 08:23:23.102410 2024] [ssl:warn] [pid 1] AH01882: Init: this version of mod_ssl was compiled against a newer library (OpenSSL 3.0.13 30 Jan 2024 (OpenSSL 3.0.11 19 Sep 2023), version currently loaded is 0x300000B0) - may result in undefined or erroneous behavior
[Wed Jun 19 08:23:23.104669 2024] [mpm_prefork:notice] [pid 1] AH00163: Apache/2.4.59 (Debian) PHP/8.3.8 OpenSSL/3.0.11 configured -- resuming normal operations
[Wed Jun 19 08:23:23.105002 2024] [core:notice] [pid 1] AH00094: Command line: 'apache2 -D FOREGROUND'
[Wed Jun 19 08:24:31.712778 2024] [mpm_prefork:notice] [pid 1] AH00170: caught SIGWINCH, shutting down gracefully
[Wed Jun 19 08:27:05.677731 2024] [ssl:warn] [pid 1] AH01882: Init: this version of mod_ssl was compiled against a newer library (OpenSSL 3.0.13 30 Jan 2024 (OpenSSL 3.0.11 19 Sep 2023), version currently loaded is 0x300000B0) - may result in undefined or erroneous behavior
AH00558: apache2: Could not reliably determine the server's fully qualified domain name, using 172.19.0.5. Set the 'ServerName' directive globally to suppress this message
[Wed Jun 19 08:27:05.697294 2024] [ssl:warn] [pid 1] AH01882: Init: this version of mod_ssl was compiled against a newer library (OpenSSL 3.0.13 30 Jan 2024 (OpenSSL 3.0.11 19 Sep 2023), version currently loaded is 0x300000B0) - may result in undefined or erroneous behavior
[Wed Jun 19 08:27:05.699049 2024] [mpm_prefork:notice] [pid 1] AH00163: Apache/2.4.59 (Debian) PHP/8.3.8 OpenSSL/3.0.11 configured -- resuming normal operations
[Wed Jun 19 08:27:05.699155 2024] [core:notice] [pid 1] AH00094: Command line: 'apache2 -D FOREGROUND'
[Wed Jun 19 08:38:31.229988 2024] [core:error] [pid 31] [client 192.168.65.1:26055] AH10244: invalid URI path (/public/%PUBLIC_URL%/manifest.json), referer: http://localhost/public/index.html
[Wed Jun 19 08:38:53.408581 2024] [core:error] [pid 21] [client 192.168.65.1:21534] AH10244: invalid URI path (/public/%PUBLIC_URL%/manifest.json), referer: http://localhost/public/index.html
[Wed Jun 19 08:39:02.490043 2024] [core:error] [pid 22] [client 192.168.65.1:43637] AH10244: invalid URI path (/public/%PUBLIC_URL%/manifest.json), referer: http://localhost/public/index.html
[Wed Jun 19 08:39:05.264465 2024] [core:error] [pid 21] [client 192.168.65.1:25096] AH10244: invalid URI path (/public/%PUBLIC_URL%/manifest.json), referer: http://localhost/public/index.html
[Wed Jun 19 08:39:15.621051 2024] [core:error] [pid 50] [client 192.168.65.1:17192] AH10244: invalid URI path (/public/%PUBLIC_URL%/manifest.json), referer: http://localhost/public/index.html
[Wed Jun 19 08:41:35.795079 2024] [core:error] [pid 17] [client 192.168.65.1:41798] AH10244: invalid URI path (/public/%PUBLIC_URL%/manifest.json), referer: http://localhost/public/index.html
[Wed Jun 19 09:06:39.497113 2024] [mpm_prefork:notice] [pid 1] AH00170: caught SIGWINCH, shutting down gracefully
[Thu Jun 20 08:53:39.472367 2024] [ssl:warn] [pid 1] AH01882: Init: this version of mod_ssl was compiled against a newer library (OpenSSL 3.0.13 30 Jan 2024 (OpenSSL 3.0.11 19 Sep 2023), version currently loaded is 0x300000B0) - may result in undefined or erroneous behavior
AH00558: apache2: Could not reliably determine the server's fully qualified domain name, using 172.19.0.4. Set the 'ServerName' directive globally to suppress this message
[Thu Jun 20 08:53:39.491676 2024] [ssl:warn] [pid 1] AH01882: Init: this version of mod_ssl was compiled against a newer library (OpenSSL 3.0.13 30 Jan 2024 (OpenSSL 3.0.11 19 Sep 2023), version currently loaded is 0x300000B0) - may result in undefined or erroneous behavior
[Thu Jun 20 08:53:39.495811 2024] [mpm_prefork:notice] [pid 1] AH00163: Apache/2.4.59 (Debian) PHP/8.3.8 OpenSSL/3.0.11 configured -- resuming normal operations
[Thu Jun 20 08:53:39.499491 2024] [core:notice] [pid 1] AH00094: Command line: 'apache2 -D FOREGROUND'
[Thu Jun 20 10:56:37.840090 2024] [mpm_prefork:notice] [pid 1] AH00170: caught SIGWINCH, shutting down gracefully
[Thu Jun 20 10:56:40.572457 2024] [ssl:warn] [pid 1] AH01882: Init: this version of mod_ssl was compiled against a newer library (OpenSSL 3.0.13 30 Jan 2024 (OpenSSL 3.0.11 19 Sep 2023), version currently loaded is 0x300000B0) - may result in undefined or erroneous behavior
AH00558: apache2: Could not reliably determine the server's fully qualified domain name, using 172.19.0.4. Set the 'ServerName' directive globally to suppress this message
[Thu Jun 20 10:56:40.610822 2024] [ssl:warn] [pid 1] AH01882: Init: this version of mod_ssl was compiled against a newer library (OpenSSL 3.0.13 30 Jan 2024 (OpenSSL 3.0.11 19 Sep 2023), version currently loaded is 0x300000B0) - may result in undefined or erroneous behavior
[Thu Jun 20 10:56:40.612862 2024] [mpm_prefork:notice] [pid 1] AH00163: Apache/2.4.59 (Debian) PHP/8.3.8 OpenSSL/3.0.11 configured -- resuming normal operations
[Thu Jun 20 10:56:40.613063 2024] [core:notice] [pid 1] AH00094: Command line: 'apache2 -D FOREGROUND'
[Thu Jun 20 12:06:00.036718 2024] [mpm_prefork:notice] [pid 1] AH00170: caught SIGWINCH, shutting down gracefully
[Thu Jun 20 12:06:02.220791 2024] [ssl:warn] [pid 1] AH01882: Init: this version of mod_ssl was compiled against a newer library (OpenSSL 3.0.13 30 Jan 2024 (OpenSSL 3.0.11 19 Sep 2023), version currently loaded is 0x300000B0) - may result in undefined or erroneous behavior
AH00558: apache2: Could not reliably determine the server's fully qualified domain name, using 172.19.0.4. Set the 'ServerName' directive globally to suppress this message
[Thu Jun 20 12:06:02.241765 2024] [ssl:warn] [pid 1] AH01882: Init: this version of mod_ssl was compiled against a newer library (OpenSSL 3.0.13 30 Jan 2024 (OpenSSL 3.0.11 19 Sep 2023), version currently loaded is 0x300000B0) - may result in undefined or erroneous behavior
[Thu Jun 20 12:06:02.245068 2024] [mpm_prefork:notice] [pid 1] AH00163: Apache/2.4.59 (Debian) PHP/8.3.8 OpenSSL/3.0.11 configured -- resuming normal operations
[Thu Jun 20 12:06:02.245321 2024] [core:notice] [pid 1] AH00094: Command line: 'apache2 -D FOREGROUND'
[Thu Jun 20 12:06:14.128324 2024] [mpm_prefork:notice] [pid 1] AH00170: caught SIGWINCH, shutting down gracefully
[Thu Jun 20 12:06:20.507811 2024] [ssl:warn] [pid 1] AH01882: Init: this version of mod_ssl was compiled against a newer library (OpenSSL 3.0.13 30 Jan 2024 (OpenSSL 3.0.11 19 Sep 2023), version currently loaded is 0x300000B0) - may result in undefined or erroneous behavior
AH00558: apache2: Could not reliably determine the server's fully qualified domain name, using 172.19.0.4. Set the 'ServerName' directive globally to suppress this message
[Thu Jun 20 12:06:20.526136 2024] [ssl:warn] [pid 1] AH01882: Init: this version of mod_ssl was compiled against a newer library (OpenSSL 3.0.13 30 Jan 2024 (OpenSSL 3.0.11 19 Sep 2023), version currently loaded is 0x300000B0) - may result in undefined or erroneous behavior
[Thu Jun 20 12:06:20.528376 2024] [mpm_prefork:notice] [pid 1] AH00163: Apache/2.4.59 (Debian) PHP/8.3.8 OpenSSL/3.0.11 configured -- resuming normal operations
[Thu Jun 20 12:06:20.528569 2024] [core:notice] [pid 1] AH00094: Command line: 'apache2 -D FOREGROUND'
[Thu Jun 20 12:40:53.480523 2024] [mpm_prefork:notice] [pid 1] AH00170: caught SIGWINCH, shutting down gracefully
[Thu Jun 20 12:40:56.019336 2024] [ssl:warn] [pid 1] AH01882: Init: this version of mod_ssl was compiled against a newer library (OpenSSL 3.0.13 30 Jan 2024 (OpenSSL 3.0.11 19 Sep 2023), version currently loaded is 0x300000B0) - may result in undefined or erroneous behavior
AH00558: apache2: Could not reliably determine the server's fully qualified domain name, using 172.19.0.4. Set the 'ServerName' directive globally to suppress this message
[Thu Jun 20 12:40:56.055320 2024] [ssl:warn] [pid 1] AH01882: Init: this version of mod_ssl was compiled against a newer library (OpenSSL 3.0.13 30 Jan 2024 (OpenSSL 3.0.11 19 Sep 2023), version currently loaded is 0x300000B0) - may result in undefined or erroneous behavior
[Thu Jun 20 12:40:56.057851 2024] [mpm_prefork:notice] [pid 1] AH00163: Apache/2.4.59 (Debian) PHP/8.3.8 OpenSSL/3.0.11 configured -- resuming normal operations
[Thu Jun 20 12:40:56.058066 2024] [core:notice] [pid 1] AH00094: Command line: 'apache2 -D FOREGROUND'
[Thu Jun 20 12:58:34.973128 2024] [mpm_prefork:notice] [pid 1] AH00170: caught SIGWINCH, shutting down gracefully
[Thu Jun 20 12:58:42.263895 2024] [ssl:warn] [pid 1] AH01882: Init: this version of mod_ssl was compiled against a newer library (OpenSSL 3.0.13 30 Jan 2024 (OpenSSL 3.0.11 19 Sep 2023), version currently loaded is 0x300000B0) - may result in undefined or erroneous behavior
AH00558: apache2: Could not reliably determine the server's fully qualified domain name, using 172.19.0.4. Set the 'ServerName' directive globally to suppress this message
[Thu Jun 20 12:58:42.318789 2024] [ssl:warn] [pid 1] AH01882: Init: this version of mod_ssl was compiled against a newer library (OpenSSL 3.0.13 30 Jan 2024 (OpenSSL 3.0.11 19 Sep 2023), version currently loaded is 0x300000B0) - may result in undefined or erroneous behavior
[Thu Jun 20 12:58:42.322682 2024] [mpm_prefork:notice] [pid 1] AH00163: Apache/2.4.59 (Debian) PHP/8.3.8 OpenSSL/3.0.11 configured -- resuming normal operations
[Thu Jun 20 12:58:42.323068 2024] [core:notice] [pid 1] AH00094: Command line: 'apache2 -D FOREGROUND'
[Thu Jun 20 12:58:54.680345 2024] [mpm_prefork:notice] [pid 1] AH00170: caught SIGWINCH, shutting down gracefully
[Thu Jun 20 12:58:59.461794 2024] [ssl:warn] [pid 1] AH01882: Init: this version of mod_ssl was compiled against a newer library (OpenSSL 3.0.13 30 Jan 2024 (OpenSSL 3.0.11 19 Sep 2023), version currently loaded is 0x300000B0) - may result in undefined or erroneous behavior
AH00558: apache2: Could not reliably determine the server's fully qualified domain name, using 172.19.0.4. Set the 'ServerName' directive globally to suppress this message
[Thu Jun 20 12:58:59.487485 2024] [ssl:warn] [pid 1] AH01882: Init: this version of mod_ssl was compiled against a newer library (OpenSSL 3.0.13 30 Jan 2024 (OpenSSL 3.0.11 19 Sep 2023), version currently loaded is 0x300000B0) - may result in undefined or erroneous behavior
[Thu Jun 20 12:58:59.490673 2024] [mpm_prefork:notice] [pid 1] AH00163: Apache/2.4.59 (Debian) PHP/8.3.8 OpenSSL/3.0.11 configured -- resuming normal operations
[Thu Jun 20 12:58:59.491005 2024] [core:notice] [pid 1] AH00094: Command line: 'apache2 -D FOREGROUND'
[Thu Jun 20 12:59:20.641799 2024] [mpm_prefork:notice] [pid 1] AH00170: caught SIGWINCH, shutting down gracefully
[Thu Jun 20 12:59:26.974368 2024] [ssl:warn] [pid 1] AH01882: Init: this version of mod_ssl was compiled against a newer library (OpenSSL 3.0.13 30 Jan 2024 (OpenSSL 3.0.11 19 Sep 2023), version currently loaded is 0x300000B0) - may result in undefined or erroneous behavior
AH00558: apache2: Could not reliably determine the server's fully qualified domain name, using 172.19.0.4. Set the 'ServerName' directive globally to suppress this message
[Thu Jun 20 12:59:27.010146 2024] [ssl:warn] [pid 1] AH01882: Init: this version of mod_ssl was compiled against a newer library (OpenSSL 3.0.13 30 Jan 2024 (OpenSSL 3.0.11 19 Sep 2023), version currently loaded is 0x300000B0) - may result in undefined or erroneous behavior
[Thu Jun 20 12:59:27.016689 2024] [mpm_prefork:notice] [pid 1] AH00163: Apache/2.4.59 (Debian) PHP/8.3.8 OpenSSL/3.0.11 configured -- resuming normal operations
[Thu Jun 20 12:59:27.023931 2024] [core:notice] [pid 1] AH00094: Command line: 'apache2 -D FOREGROUND'
[Thu Jun 20 13:03:59.256632 2024] [mpm_prefork:notice] [pid 1] AH00170: caught SIGWINCH, shutting down gracefully
[Thu Jun 20 13:50:09.286939 2024] [ssl:warn] [pid 1] AH01882: Init: this version of mod_ssl was compiled against a newer library (OpenSSL 3.0.13 30 Jan 2024 (OpenSSL 3.0.11 19 Sep 2023), version currently loaded is 0x300000B0) - may result in undefined or erroneous behavior
AH00558: apache2: Could not reliably determine the server's fully qualified domain name, using 172.19.0.3. Set the 'ServerName' directive globally to suppress this message
[Thu Jun 20 13:50:09.398782 2024] [ssl:warn] [pid 1] AH01882: Init: this version of mod_ssl was compiled against a newer library (OpenSSL 3.0.13 30 Jan 2024 (OpenSSL 3.0.11 19 Sep 2023), version currently loaded is 0x300000B0) - may result in undefined or erroneous behavior
[Thu Jun 20 13:50:09.402369 2024] [mpm_prefork:notice] [pid 1] AH00163: Apache/2.4.59 (Debian) PHP/8.3.8 OpenSSL/3.0.11 configured -- resuming normal operations
[Thu Jun 20 13:50:09.402513 2024] [core:notice] [pid 1] AH00094: Command line: 'apache2 -D FOREGROUND'
[Thu Jun 20 13:50:09.581009 2024] [mpm_prefork:notice] [pid 1] AH00170: caught SIGWINCH, shutting down gracefully
[Fri Jun 21 10:50:17.415818 2024] [ssl:warn] [pid 1] AH01882: Init: this version of mod_ssl was compiled against a newer library (OpenSSL 3.0.13 30 Jan 2024 (OpenSSL 3.0.11 19 Sep 2023), version currently loaded is 0x300000B0) - may result in undefined or erroneous behavior
AH00558: apache2: Could not reliably determine the server's fully qualified domain name, using 172.19.0.3. Set the 'ServerName' directive globally to suppress this message
[Fri Jun 21 10:50:17.524113 2024] [ssl:warn] [pid 1] AH01882: Init: this version of mod_ssl was compiled against a newer library (OpenSSL 3.0.13 30 Jan 2024 (OpenSSL 3.0.11 19 Sep 2023), version currently loaded is 0x300000B0) - may result in undefined or erroneous behavior
[Fri Jun 21 10:50:17.526466 2024] [mpm_prefork:notice] [pid 1] AH00163: Apache/2.4.59 (Debian) PHP/8.3.8 OpenSSL/3.0.11 configured -- resuming normal operations
[Fri Jun 21 10:50:17.526656 2024] [core:notice] [pid 1] AH00094: Command line: 'apache2 -D FOREGROUND'
[Fri Jun 21 10:50:27.630848 2024] [mpm_prefork:notice] [pid 1] AH00170: caught SIGWINCH, shutting down gracefully
[Fri Jun 21 15:49:35.113116 2024] [ssl:warn] [pid 1] AH01882: Init: this version of mod_ssl was compiled against a newer library (OpenSSL 3.0.13 30 Jan 2024 (OpenSSL 3.0.11 19 Sep 2023), version currently loaded is 0x300000B0) - may result in undefined or erroneous behavior
AH00558: apache2: Could not reliably determine the server's fully qualified domain name, using 172.19.0.3. Set the 'ServerName' directive globally to suppress this message
[Fri Jun 21 15:49:35.239825 2024] [ssl:warn] [pid 1] AH01882: Init: this version of mod_ssl was compiled against a newer library (OpenSSL 3.0.13 30 Jan 2024 (OpenSSL 3.0.11 19 Sep 2023), version currently loaded is 0x300000B0) - may result in undefined or erroneous behavior
[Fri Jun 21 15:49:35.241336 2024] [mpm_prefork:notice] [pid 1] AH00163: Apache/2.4.59 (Debian) PHP/8.3.8 OpenSSL/3.0.11 configured -- resuming normal operations
[Fri Jun 21 15:49:35.241551 2024] [core:notice] [pid 1] AH00094: Command line: 'apache2 -D FOREGROUND'
[Fri Jun 21 15:49:45.590157 2024] [mpm_prefork:notice] [pid 1] AH00170: caught SIGWINCH, shutting down gracefully
[Sat Jun 22 11:30:57.410218 2024] [ssl:warn] [pid 1] AH01882: Init: this version of mod_ssl was compiled against a newer library (OpenSSL 3.0.13 30 Jan 2024 (OpenSSL 3.0.11 19 Sep 2023), version currently loaded is 0x300000B0) - may result in undefined or erroneous behavior
AH00558: apache2: Could not reliably determine the server's fully qualified domain name, using 172.19.0.3. Set the 'ServerName' directive globally to suppress this message
[Sat Jun 22 11:30:57.574922 2024] [ssl:warn] [pid 1] AH01882: Init: this version of mod_ssl was compiled against a newer library (OpenSSL 3.0.13 30 Jan 2024 (OpenSSL 3.0.11 19 Sep 2023), version currently loaded is 0x300000B0) - may result in undefined or erroneous behavior
[Sat Jun 22 11:30:57.578528 2024] [mpm_prefork:notice] [pid 1] AH00163: Apache/2.4.59 (Debian) PHP/8.3.8 OpenSSL/3.0.11 configured -- resuming normal operations
[Sat Jun 22 11:30:57.581486 2024] [core:notice] [pid 1] AH00094: Command line: 'apache2 -D FOREGROUND'
[Sat Jun 22 11:31:10.404618 2024] [mpm_prefork:notice] [pid 1] AH00170: caught SIGWINCH, shutting down gracefully
[Sun Jun 23 13:20:03.414567 2024] [ssl:warn] [pid 1] AH01882: Init: this version of mod_ssl was compiled against a newer library (OpenSSL 3.0.13 30 Jan 2024 (OpenSSL 3.0.11 19 Sep 2023), version currently loaded is 0x300000B0) - may result in undefined or erroneous behavior
AH00558: apache2: Could not reliably determine the server's fully qualified domain name, using 172.19.0.5. Set the 'ServerName' directive globally to suppress this message
[Sun Jun 23 13:20:03.454573 2024] [ssl:warn] [pid 1] AH01882: Init: this version of mod_ssl was compiled against a newer library (OpenSSL 3.0.13 30 Jan 2024 (OpenSSL 3.0.11 19 Sep 2023), version currently loaded is 0x300000B0) - may result in undefined or erroneous behavior
[Sun Jun 23 13:20:03.457411 2024] [mpm_prefork:notice] [pid 1] AH00163: Apache/2.4.59 (Debian) PHP/8.3.8 OpenSSL/3.0.11 configured -- resuming normal operations
[Sun Jun 23 13:20:03.457609 2024] [core:notice] [pid 1] AH00094: Command line: 'apache2 -D FOREGROUND'
[Sun Jun 23 14:28:00.370022 2024] [mpm_prefork:notice] [pid 1] AH00170: caught SIGWINCH, shutting down gracefully
[Sun Jun 23 14:28:06.521886 2024] [ssl:warn] [pid 1] AH01882: Init: this version of mod_ssl was compiled against a newer library (OpenSSL 3.0.13 30 Jan 2024 (OpenSSL 3.0.11 19 Sep 2023), version currently loaded is 0x300000B0) - may result in undefined or erroneous behavior
AH00558: apache2: Could not reliably determine the server's fully qualified domain name, using 172.19.0.5. Set the 'ServerName' directive globally to suppress this message
[Sun Jun 23 14:28:06.561376 2024] [ssl:warn] [pid 1] AH01882: Init: this version of mod_ssl was compiled against a newer library (OpenSSL 3.0.13 30 Jan 2024 (OpenSSL 3.0.11 19 Sep 2023), version currently loaded is 0x300000B0) - may result in undefined or erroneous behavior
[Sun Jun 23 14:28:06.563499 2024] [mpm_prefork:notice] [pid 1] AH00163: Apache/2.4.59 (Debian) PHP/8.3.8 OpenSSL/3.0.11 configured -- resuming normal operations
[Sun Jun 23 14:28:06.563705 2024] [core:notice] [pid 1] AH00094: Command line: 'apache2 -D FOREGROUND'
[Sun Jun 23 14:53:00.305193 2024] [mpm_prefork:notice] [pid 1] AH00170: caught SIGWINCH, shutting down gracefully
[Sun Jun 23 14:53:06.927997 2024] [ssl:warn] [pid 1] AH01882: Init: this version of mod_ssl was compiled against a newer library (OpenSSL 3.0.13 30 Jan 2024 (OpenSSL 3.0.11 19 Sep 2023), version currently loaded is 0x300000B0) - may result in undefined or erroneous behavior
AH00558: apache2: Could not reliably determine the server's fully qualified domain name, using 172.19.0.5. Set the 'ServerName' directive globally to suppress this message
[Sun Jun 23 14:53:06.949959 2024] [ssl:warn] [pid 1] AH01882: Init: this version of mod_ssl was compiled against a newer library (OpenSSL 3.0.13 30 Jan 2024 (OpenSSL 3.0.11 19 Sep 2023), version currently loaded is 0x300000B0) - may result in undefined or erroneous behavior
[Sun Jun 23 14:53:06.952355 2024] [mpm_prefork:notice] [pid 1] AH00163: Apache/2.4.59 (Debian) PHP/8.3.8 OpenSSL/3.0.11 configured -- resuming normal operations
[Sun Jun 23 14:53:06.952570 2024] [core:notice] [pid 1] AH00094: Command line: 'apache2 -D FOREGROUND'
